{"level":"info","message":"OPTIONS /v1/dashboard/vendor/auth/change-password 204 7.718 ms - 0","timestamp":"2025-04-24T10:54:55.453Z"}
{"level":"info","message":"POST /v1/dashboard/vendor/auth/change-password 400 48.597 ms - 28","timestamp":"2025-04-24T10:54:55.510Z"}
{"level":"info","message":"OPTIONS /v1/dashboard/auth/refresh-token 204 0.396 ms - 0","timestamp":"2025-04-24T10:54:55.560Z"}
{"level":"info","message":"POST /v1/dashboard/auth/refresh-token 404 6.238 ms - 88","timestamp":"2025-04-24T10:54:55.573Z"}
{"level":"info","message":"POST /v1/dashboard/vendor/auth/login 200 4483.381 ms - 651","timestamp":"2025-04-24T10:55:14.037Z"}
{"level":"info","message":"POST /v1/dashboard/vendor/auth/login 200 294.485 ms - 651","timestamp":"2025-04-24T10:55:27.695Z"}
{"level":"info","message":"OPTIONS /v1/dashboard/vendor/auth/change-password 204 0.456 ms - 0","timestamp":"2025-04-24T10:55:42.317Z"}
{"level":"info","message":"POST /v1/dashboard/vendor/auth/change-password 404 941.931 ms - 44","timestamp":"2025-04-24T10:55:43.262Z"}
{"level":"info","message":"OPTIONS /v1/dashboard/vendor/auth/change-password 204 1.111 ms - 0","timestamp":"2025-04-24T10:56:03.709Z"}
{"level":"info","message":"POST /v1/dashboard/vendor/auth/change-password 404 611.894 ms - 44","timestamp":"2025-04-24T10:56:04.348Z"}
{"level":"info","message":"POST /v1/dashboard/vendor/auth/login 200 1145.728 ms - 664","timestamp":"2025-04-24T10:58:26.189Z"}
{"level":"info","message":"OPTIONS /v1/dashboard/vendor/auth/change-password 204 0.695 ms - 0","timestamp":"2025-04-24T10:59:13.639Z"}
{"level":"info","message":"POST /v1/dashboard/vendor/auth/change-password 401 647.462 ms - 59","timestamp":"2025-04-24T10:59:14.301Z"}
{"level":"info","message":"OPTIONS /v1/dashboard/vendor/auth/change-password 204 0.498 ms - 0","timestamp":"2025-04-24T10:59:28.098Z"}
{"level":"info","message":"POST /v1/dashboard/vendor/auth/change-password 200 946.841 ms - 58","timestamp":"2025-04-24T10:59:29.052Z"}
{"level":"info","message":"OPTIONS /v1/dashboard/vendor/profile 204 0.332 ms - 0","timestamp":"2025-04-24T10:59:52.118Z"}
{"level":"info","message":"GET /v1/dashboard/vendor/profile 201 2066.505 ms - 901","timestamp":"2025-04-24T10:59:54.193Z"}
{"level":"info","message":"POST /v1/dashboard/vendor/auth/login 200 3894.226 ms - 651","timestamp":"2025-04-24T11:04:39.283Z"}
{"level":"info","message":"OPTIONS /v1/dashboard/vendor/user 204 0.689 ms - 0","timestamp":"2025-04-24T11:05:11.769Z"}
{"level":"info","message":"GET /v1/dashboard/vendor/user 200 949.582 ms - 72","timestamp":"2025-04-24T11:05:12.740Z"}
{"level":"info","message":"OPTIONS /v1/dashboard/vendor/user 204 0.397 ms - 0","timestamp":"2025-04-24T11:06:58.003Z"}
{"level":"info","message":"GET /v1/dashboard/vendor/user 200 658.671 ms - 72","timestamp":"2025-04-24T11:06:58.667Z"}
{"level":"info","message":"OPTIONS /v1/dashboard/vendor/user 204 9.651 ms - 0","timestamp":"2025-04-24T11:07:52.821Z"}
{"level":"info","message":"GET /v1/dashboard/vendor/user 200 3995.595 ms - 72","timestamp":"2025-04-24T11:07:56.855Z"}
{"level":"info","message":"OPTIONS /v1/dashboard/vendor/user 204 0.586 ms - 0","timestamp":"2025-04-24T11:10:09.983Z"}
{"level":"info","message":"GET /v1/dashboard/vendor/user 200 647.113 ms - 72","timestamp":"2025-04-24T11:10:10.633Z"}
{"level":"info","message":"OPTIONS /v1/dashboard/vendor/user 204 0.340 ms - 0","timestamp":"2025-04-24T11:10:17.124Z"}
{"level":"info","message":"POST /v1/dashboard/vendor/user 500 1232.619 ms - 85","timestamp":"2025-04-24T11:10:18.370Z"}
{"level":"info","message":"OPTIONS /v1/dashboard/vendor/user 204 0.341 ms - 0","timestamp":"2025-04-24T11:10:24.319Z"}
{"level":"info","message":"POST /v1/dashboard/vendor/user 500 716.574 ms - 85","timestamp":"2025-04-24T11:10:25.039Z"}
{"level":"info","message":"OPTIONS /v1/dashboard/vendor/user 204 0.651 ms - 0","timestamp":"2025-04-24T11:10:30.923Z"}
{"level":"info","message":"GET /v1/dashboard/vendor/user 200 543.389 ms - 72","timestamp":"2025-04-24T11:10:31.472Z"}
{"level":"info","message":"OPTIONS /v1/dashboard/vendor/user 204 0.601 ms - 0","timestamp":"2025-04-24T11:10:32.500Z"}
{"level":"info","message":"POST /v1/dashboard/vendor/user 500 752.227 ms - 85","timestamp":"2025-04-24T11:10:33.262Z"}
{"level":"info","message":"OPTIONS /v1/dashboard/vendor/user 204 0.459 ms - 0","timestamp":"2025-04-24T11:10:42.507Z"}
{"level":"info","message":"GET /v1/dashboard/vendor/user 200 330.715 ms - 72","timestamp":"2025-04-24T11:10:42.880Z"}
{"level":"info","message":"OPTIONS /v1/dashboard/vendor/user 204 3.677 ms - 0","timestamp":"2025-04-24T11:11:15.100Z"}
{"level":"info","message":"GET /v1/dashboard/vendor/user 200 4785.899 ms - 72","timestamp":"2025-04-24T11:11:19.916Z"}
{"level":"info","message":"OPTIONS /v1/dashboard/vendor/user 204 1.230 ms - 0","timestamp":"2025-04-24T11:11:43.366Z"}
{"level":"info","message":"POST /v1/dashboard/vendor/user 500 2064.962 ms - 85","timestamp":"2025-04-24T11:11:45.440Z"}
{"level":"info","message":"OPTIONS /v1/dashboard/vendor/user 204 0.339 ms - 0","timestamp":"2025-04-24T11:13:36.164Z"}
{"level":"info","message":"GET /v1/dashboard/vendor/user 200 704.094 ms - 72","timestamp":"2025-04-24T11:13:36.876Z"}
{"level":"info","message":"OPTIONS /v1/dashboard/vendor/user 204 0.398 ms - 0","timestamp":"2025-04-24T11:13:40.228Z"}
{"level":"info","message":"POST /v1/dashboard/vendor/user 500 930.198 ms - 85","timestamp":"2025-04-24T11:13:41.160Z"}
{"level":"info","message":"OPTIONS /v1/dashboard/vendor/user 204 0.800 ms - 0","timestamp":"2025-04-24T11:14:11.439Z"}
{"level":"info","message":"GET /v1/dashboard/vendor/user 200 648.632 ms - 72","timestamp":"2025-04-24T11:14:12.103Z"}
{"level":"info","message":"OPTIONS /v1/dashboard/vendor/user 204 0.829 ms - 0","timestamp":"2025-04-24T11:14:15.357Z"}
{"level":"info","message":"POST /v1/dashboard/vendor/user 500 889.093 ms - 85","timestamp":"2025-04-24T11:14:16.252Z"}
{"level":"info","message":"OPTIONS /v1/dashboard/vendor/user 204 0.424 ms - 0","timestamp":"2025-04-24T11:14:48.101Z"}
{"level":"info","message":"GET /v1/dashboard/vendor/user 200 634.751 ms - 72","timestamp":"2025-04-24T11:14:48.738Z"}
{"level":"info","message":"OPTIONS /v1/dashboard/vendor/user 204 0.372 ms - 0","timestamp":"2025-04-24T11:14:49.431Z"}
{"level":"info","message":"GET /v1/dashboard/vendor/user 200 293.699 ms - 72","timestamp":"2025-04-24T11:14:49.727Z"}
{"level":"info","message":"OPTIONS /v1/dashboard/vendor/user 204 0.751 ms - 0","timestamp":"2025-04-24T11:14:55.373Z"}
{"level":"info","message":"POST /v1/dashboard/vendor/user 500 937.686 ms - 85","timestamp":"2025-04-24T11:14:56.316Z"}
{"level":"info","message":"OPTIONS /v1/dashboard/vendor/user 204 0.324 ms - 0","timestamp":"2025-04-24T11:15:09.600Z"}
{"level":"info","message":"GET /v1/dashboard/vendor/user 200 699.855 ms - 72","timestamp":"2025-04-24T11:15:10.303Z"}
{"level":"info","message":"OPTIONS /v1/dashboard/vendor/user 204 0.257 ms - 0","timestamp":"2025-04-24T11:15:12.145Z"}
{"level":"info","message":"GET /v1/dashboard/vendor/user 200 273.839 ms - 72","timestamp":"2025-04-24T11:15:12.422Z"}
{"level":"info","message":"OPTIONS /v1/dashboard/vendor/user 204 0.462 ms - 0","timestamp":"2025-04-24T11:15:19.832Z"}
{"level":"info","message":"POST /v1/dashboard/vendor/user 500 901.590 ms - 85","timestamp":"2025-04-24T11:15:20.736Z"}
{"level":"info","message":"OPTIONS /v1/dashboard/vendor/user 204 0.280 ms - 0","timestamp":"2025-04-24T11:15:35.416Z"}
{"level":"info","message":"GET /v1/dashboard/vendor/user 200 534.756 ms - 72","timestamp":"2025-04-24T11:15:35.953Z"}
{"level":"info","message":"OPTIONS /v1/dashboard/vendor/user 204 0.313 ms - 0","timestamp":"2025-04-24T11:15:39.460Z"}
{"level":"info","message":"GET /v1/dashboard/vendor/user 200 283.531 ms - 72","timestamp":"2025-04-24T11:15:39.748Z"}
{"level":"info","message":"OPTIONS /v1/dashboard/vendor/user 204 0.320 ms - 0","timestamp":"2025-04-24T11:15:43.377Z"}
{"level":"info","message":"POST /v1/dashboard/vendor/user 500 813.664 ms - 85","timestamp":"2025-04-24T11:15:44.193Z"}
{"level":"info","message":"OPTIONS /v1/dashboard/vendor/user 204 0.306 ms - 0","timestamp":"2025-04-24T11:15:58.065Z"}
{"level":"info","message":"GET /v1/dashboard/vendor/user 200 501.279 ms - 72","timestamp":"2025-04-24T11:15:58.569Z"}
{"level":"info","message":"OPTIONS /v1/dashboard/vendor/user 204 0.343 ms - 0","timestamp":"2025-04-24T11:16:03.069Z"}
{"level":"info","message":"GET /v1/dashboard/vendor/user 200 255.582 ms - 72","timestamp":"2025-04-24T11:16:03.329Z"}
{"level":"info","message":"OPTIONS /v1/dashboard/vendor/user 204 0.397 ms - 0","timestamp":"2025-04-24T11:16:04.677Z"}
{"level":"info","message":"POST /v1/dashboard/vendor/user 500 803.913 ms - 85","timestamp":"2025-04-24T11:16:05.487Z"}
{"level":"info","message":"OPTIONS /v1/dashboard/vendor/user 204 0.487 ms - 0","timestamp":"2025-04-24T11:18:37.992Z"}
{"level":"info","message":"GET /v1/dashboard/vendor/user 200 2615.786 ms - 72","timestamp":"2025-04-24T11:18:40.713Z"}
{"level":"info","message":"OPTIONS /v1/dashboard/vendor/user 204 0.271 ms - 0","timestamp":"2025-04-24T11:20:18.960Z"}
{"level":"info","message":"GET /v1/dashboard/vendor/user 400 2.546 ms - 28","timestamp":"2025-04-24T11:20:18.965Z"}
{"level":"info","message":"OPTIONS /v1/dashboard/auth/refresh-token 204 0.355 ms - 0","timestamp":"2025-04-24T11:20:19.329Z"}
{"level":"info","message":"POST /v1/dashboard/auth/refresh-token 404 9.104 ms - 88","timestamp":"2025-04-24T11:20:19.341Z"}
{"level":"info","message":"GET /v1/dashboard/vendor/user 401 1.290 ms - 47","timestamp":"2025-04-24T11:20:23.583Z"}
{"level":"info","message":"POST /v1/dashboard/vendor/auth/login 200 896.618 ms - 651","timestamp":"2025-04-24T11:20:52.388Z"}
{"level":"info","message":"POST /v1/dashboard/vendor/auth/login 200 301.564 ms - 651","timestamp":"2025-04-24T11:20:58.222Z"}
{"level":"info","message":"OPTIONS /v1/dashboard/vendor/user 204 0.360 ms - 0","timestamp":"2025-04-24T11:21:14.346Z"}
{"level":"info","message":"GET /v1/dashboard/vendor/user 200 641.585 ms - 72","timestamp":"2025-04-24T11:21:14.990Z"}
{"level":"info","message":"OPTIONS /v1/dashboard/vendor/user 204 0.454 ms - 0","timestamp":"2025-04-24T11:21:20.828Z"}
{"level":"info","message":"POST /v1/dashboard/vendor/user 404 612.844 ms - 76","timestamp":"2025-04-24T11:21:21.448Z"}
{"level":"info","message":"OPTIONS /v1/dashboard/vendor/user 204 0.420 ms - 0","timestamp":"2025-04-24T11:21:31.470Z"}
{"level":"info","message":"GET /v1/dashboard/vendor/user 200 725.395 ms - 72","timestamp":"2025-04-24T11:21:32.204Z"}
{"level":"info","message":"OPTIONS /v1/dashboard/vendor/user 204 0.286 ms - 0","timestamp":"2025-04-24T11:21:35.329Z"}
{"level":"info","message":"POST /v1/dashboard/vendor/user 404 296.533 ms - 76","timestamp":"2025-04-24T11:21:35.627Z"}
{"level":"info","message":"OPTIONS /v1/dashboard/vendor/user 204 0.292 ms - 0","timestamp":"2025-04-24T11:21:55.492Z"}
{"level":"info","message":"POST /v1/dashboard/vendor/user 500 1432.813 ms - 85","timestamp":"2025-04-24T11:21:56.927Z"}
{"level":"info","message":"OPTIONS /v1/dashboard/vendor/user 204 4.817 ms - 0","timestamp":"2025-04-24T11:23:35.238Z"}
{"level":"info","message":"OPTIONS /v1/dashboard/vendor/user 204 0.689 ms - 0","timestamp":"2025-04-24T11:23:35.889Z"}
{"level":"info","message":"POST /v1/dashboard/vendor/user 500 3172.283 ms - 85","timestamp":"2025-04-24T11:23:39.076Z"}
{"level":"info","message":"GET /v1/dashboard/vendor/user 200 4576.793 ms - 72","timestamp":"2025-04-24T11:23:39.843Z"}
{"level":"info","message":"OPTIONS /v1/dashboard/vendor/user 204 5.656 ms - 0","timestamp":"2025-04-24T11:24:47.318Z"}
{"level":"info","message":"OPTIONS /v1/dashboard/vendor/user 204 0.677 ms - 0","timestamp":"2025-04-24T11:24:48.833Z"}
{"level":"info","message":"GET /v1/dashboard/vendor/user 200 3507.929 ms - 72","timestamp":"2025-04-24T11:24:50.850Z"}
{"level":"info","message":"POST /v1/dashboard/vendor/user 500 5239.501 ms - 85","timestamp":"2025-04-24T11:24:54.077Z"}
{"level":"info","message":"OPTIONS /v1/dashboard/vendor/user 204 0.376 ms - 0","timestamp":"2025-04-24T11:25:10.189Z"}
{"level":"info","message":"GET /v1/dashboard/vendor/user 200 902.241 ms - 72","timestamp":"2025-04-24T11:25:11.136Z"}
{"level":"info","message":"OPTIONS /v1/dashboard/vendor/user 204 0.489 ms - 0","timestamp":"2025-04-24T11:25:55.392Z"}
{"level":"info","message":"GET /v1/dashboard/vendor/user 200 636.808 ms - 72","timestamp":"2025-04-24T11:25:56.035Z"}
{"level":"info","message":"OPTIONS /v1/dashboard/vendor/user 204 1.737 ms - 0","timestamp":"2025-04-24T11:26:11.188Z"}
{"level":"info","message":"GET /v1/dashboard/vendor/user 200 562.808 ms - 72","timestamp":"2025-04-24T11:26:11.759Z"}
{"level":"info","message":"POST /v1/dashboard/vendor/auth/login 500 5143.550 ms - 85","timestamp":"2025-04-24T11:33:36.002Z"}
{"level":"info","message":"POST /v1/dashboard/vendor/auth/login 200 3363.526 ms - 654","timestamp":"2025-04-24T11:33:50.977Z"}
{"level":"info","message":"OPTIONS /v1/dashboard/vendor/auth/change-password 204 1.205 ms - 0","timestamp":"2025-04-24T11:34:15.253Z"}
{"level":"info","message":"POST /v1/dashboard/vendor/auth/change-password 401 955.105 ms - 59","timestamp":"2025-04-24T11:34:16.219Z"}
{"level":"info","message":"OPTIONS /v1/dashboard/vendor/auth/change-password 204 0.440 ms - 0","timestamp":"2025-04-24T11:35:34.157Z"}
{"level":"info","message":"POST /v1/dashboard/vendor/auth/change-password 401 596.089 ms - 59","timestamp":"2025-04-24T11:35:34.755Z"}
{"level":"info","message":"OPTIONS /v1/dashboard/vendor/auth/change-password 204 1.720 ms - 0","timestamp":"2025-04-24T11:36:11.843Z"}
{"level":"info","message":"POST /v1/dashboard/vendor/auth/change-password 401 836.873 ms - 59","timestamp":"2025-04-24T11:36:12.933Z"}
{"level":"info","message":"OPTIONS /v1/dashboard/vendor/auth/change-password 204 1.968 ms - 0","timestamp":"2025-04-24T11:43:28.511Z"}
{"level":"info","message":"POST /v1/dashboard/vendor/auth/change-password 500 5090.846 ms - 85","timestamp":"2025-04-24T11:43:33.610Z"}
{"level":"info","message":"OPTIONS /v1/dashboard/vendor/auth/change-password 204 0.497 ms - 0","timestamp":"2025-04-24T11:43:58.089Z"}
{"level":"info","message":"POST /v1/dashboard/vendor/auth/change-password 401 3334.319 ms - 59","timestamp":"2025-04-24T11:44:01.430Z"}
{"level":"info","message":"OPTIONS /v1/dashboard/vendor/auth/change-password 204 0.492 ms - 0","timestamp":"2025-04-24T11:46:34.920Z"}
{"level":"info","message":"POST /v1/dashboard/vendor/auth/change-password 401 665.786 ms - 59","timestamp":"2025-04-24T11:46:35.595Z"}
{"level":"info","message":"OPTIONS /v1/dashboard/vendor/auth/change-password 204 0.299 ms - 0","timestamp":"2025-04-24T11:46:46.568Z"}
{"level":"info","message":"POST /v1/dashboard/vendor/auth/change-password 200 1019.068 ms - 58","timestamp":"2025-04-24T11:46:47.590Z"}
{"level":"info","message":"OPTIONS /v1/dashboard/vendor/user 204 1.189 ms - 0","timestamp":"2025-04-24T11:46:56.116Z"}
{"level":"info","message":"GET /v1/dashboard/vendor/user 304 3141.619 ms - -","timestamp":"2025-04-24T11:46:59.263Z"}
{"level":"info","message":"OPTIONS /v1/dashboard/vendor/user 204 0.843 ms - 0","timestamp":"2025-04-24T11:47:18.916Z"}
{"level":"info","message":"POST /v1/dashboard/vendor/user 201 2963.130 ms - 188","timestamp":"2025-04-24T11:47:21.884Z"}
{"level":"info","message":"OPTIONS /v1/dashboard/vendor/user 204 0.351 ms - 0","timestamp":"2025-04-24T11:47:22.097Z"}
{"level":"info","message":"GET /v1/dashboard/vendor/user 200 941.977 ms - 233","timestamp":"2025-04-24T11:47:23.074Z"}
{"level":"info","message":"POST /v1/dashboard/vendor/auth/login 200 603.909 ms - 647","timestamp":"2025-04-24T11:47:36.499Z"}
{"level":"info","message":"OPTIONS /v1/dashboard/vendor/profile 204 0.424 ms - 0","timestamp":"2025-04-24T11:49:04.848Z"}
{"level":"info","message":"GET /v1/dashboard/vendor/profile 500 2861.814 ms - 85","timestamp":"2025-04-24T11:49:07.720Z"}
{"level":"info","message":"OPTIONS /v1/dashboard/vendor/profile 204 0.456 ms - 0","timestamp":"2025-04-24T11:49:08.969Z"}
{"level":"info","message":"GET /v1/dashboard/vendor/profile 500 253.644 ms - 85","timestamp":"2025-04-24T11:49:09.239Z"}
{"level":"info","message":"OPTIONS /v1/dashboard/vendor/profile 204 0.317 ms - 0","timestamp":"2025-04-24T11:49:11.450Z"}
{"level":"info","message":"GET /v1/dashboard/vendor/profile 500 293.306 ms - 85","timestamp":"2025-04-24T11:49:11.747Z"}
{"level":"info","message":"OPTIONS /v1/dashboard/vendor/profile 204 0.366 ms - 0","timestamp":"2025-04-24T11:49:15.964Z"}
{"level":"info","message":"GET /v1/dashboard/vendor/profile 500 412.275 ms - 85","timestamp":"2025-04-24T11:49:16.379Z"}
{"level":"info","message":"OPTIONS /v1/dashboard/vendor/profile 204 0.322 ms - 0","timestamp":"2025-04-24T11:49:59.990Z"}
{"level":"info","message":"GET /v1/dashboard/vendor/profile 500 535.814 ms - 85","timestamp":"2025-04-24T11:50:00.528Z"}
{"level":"info","message":"OPTIONS /v1/dashboard/vendor/profile 204 0.348 ms - 0","timestamp":"2025-04-24T11:50:01.758Z"}
{"level":"info","message":"GET /v1/dashboard/vendor/profile 500 294.121 ms - 85","timestamp":"2025-04-24T11:50:02.055Z"}
{"level":"info","message":"OPTIONS /v1/dashboard/vendor/profile 204 0.258 ms - 0","timestamp":"2025-04-24T11:50:04.266Z"}
{"level":"info","message":"GET /v1/dashboard/vendor/profile 500 251.349 ms - 85","timestamp":"2025-04-24T11:50:04.521Z"}
{"level":"info","message":"OPTIONS /v1/dashboard/vendor/profile 204 0.747 ms - 0","timestamp":"2025-04-24T11:50:08.741Z"}
{"level":"info","message":"GET /v1/dashboard/vendor/profile 500 374.336 ms - 85","timestamp":"2025-04-24T11:50:09.120Z"}
{"level":"info","message":"OPTIONS /v1/dashboard/vendor/profile 204 0.327 ms - 0","timestamp":"2025-04-24T11:50:22.777Z"}
{"level":"info","message":"GET /v1/dashboard/vendor/profile 500 672.127 ms - 85","timestamp":"2025-04-24T11:50:23.452Z"}
{"level":"info","message":"OPTIONS /v1/dashboard/vendor/profile 204 0.666 ms - 0","timestamp":"2025-04-24T11:50:24.691Z"}
{"level":"info","message":"GET /v1/dashboard/vendor/profile 500 286.528 ms - 85","timestamp":"2025-04-24T11:50:24.985Z"}
{"level":"info","message":"OPTIONS /v1/dashboard/vendor/profile 204 0.412 ms - 0","timestamp":"2025-04-24T11:50:27.193Z"}
{"level":"info","message":"GET /v1/dashboard/vendor/profile 500 352.961 ms - 85","timestamp":"2025-04-24T11:50:27.550Z"}
{"level":"info","message":"OPTIONS /v1/dashboard/vendor/profile 204 0.571 ms - 0","timestamp":"2025-04-24T11:50:31.773Z"}
{"level":"info","message":"GET /v1/dashboard/vendor/profile 500 277.481 ms - 85","timestamp":"2025-04-24T11:50:32.057Z"}
{"level":"info","message":"OPTIONS /v1/dashboard/vendor/profile 204 0.404 ms - 0","timestamp":"2025-04-24T11:50:59.138Z"}
{"level":"info","message":"GET /v1/dashboard/vendor/profile 500 621.361 ms - 85","timestamp":"2025-04-24T11:50:59.815Z"}
{"level":"info","message":"OPTIONS /v1/dashboard/vendor/profile 204 0.330 ms - 0","timestamp":"2025-04-24T11:51:01.097Z"}
{"level":"info","message":"GET /v1/dashboard/vendor/profile 500 302.576 ms - 85","timestamp":"2025-04-24T11:51:01.402Z"}
{"level":"info","message":"OPTIONS /v1/dashboard/vendor/profile 204 0.694 ms - 0","timestamp":"2025-04-24T11:51:03.611Z"}
{"level":"info","message":"GET /v1/dashboard/vendor/profile 500 833.618 ms - 85","timestamp":"2025-04-24T11:51:04.448Z"}
{"level":"info","message":"OPTIONS /v1/dashboard/vendor/profile 204 0.573 ms - 0","timestamp":"2025-04-24T11:51:08.666Z"}
{"level":"info","message":"GET /v1/dashboard/vendor/profile 500 860.090 ms - 85","timestamp":"2025-04-24T11:51:09.529Z"}
{"level":"info","message":"POST /v1/dashboard/vendor/auth/login 200 2372.360 ms - 654","timestamp":"2025-04-24T11:53:47.282Z"}
{"level":"info","message":"OPTIONS /v1/dashboard/vendor/user 204 0.629 ms - 0","timestamp":"2025-04-24T11:54:27.618Z"}
{"level":"info","message":"GET /v1/dashboard/vendor/user 200 3420.944 ms - 233","timestamp":"2025-04-24T11:54:31.045Z"}
{"level":"info","message":"OPTIONS /v1/dashboard/vendor/profile 204 0.393 ms - 0","timestamp":"2025-04-24T11:54:37.643Z"}
{"level":"info","message":"GET /v1/dashboard/vendor/profile 201 2050.063 ms - 538","timestamp":"2025-04-24T11:54:39.697Z"}
{"level":"info","message":"OPTIONS /v1/dashboard/vendor/profile 204 4.045 ms - 0","timestamp":"2025-04-24T11:59:25.516Z"}
{"level":"info","message":"GET /v1/dashboard/vendor/profile 201 3819.496 ms - 538","timestamp":"2025-04-24T11:59:29.342Z"}
{"level":"info","message":"POST /v1/dashboard/vendor/auth/login 200 1258.577 ms - 647","timestamp":"2025-04-24T12:01:09.856Z"}
{"level":"info","message":"GET /v1/dashboard/vendor/vendor-user-profile 201 820.631 ms - 347","timestamp":"2025-04-24T12:01:31.321Z"}
{"level":"info","message":"OPTIONS /v1/dashboard/vendor/profile 204 0.343 ms - 0","timestamp":"2025-04-24T12:06:18.884Z"}
{"level":"info","message":"GET /v1/dashboard/vendor/profile 201 4721.340 ms - 538","timestamp":"2025-04-24T12:06:23.613Z"}
{"level":"info","message":"OPTIONS /v1/dashboard/vendor/profile 204 2.143 ms - 0","timestamp":"2025-04-24T12:06:26.508Z"}
{"level":"info","message":"GET /v1/dashboard/vendor/profile 201 778.445 ms - 538","timestamp":"2025-04-24T12:06:27.290Z"}
{"level":"info","message":"OPTIONS /v1/dashboard/vendor/vendor-user-profile 204 1.019 ms - 0","timestamp":"2025-04-24T12:07:23.164Z"}
{"level":"info","message":"OPTIONS /v1/dashboard/vendor/profile 204 0.366 ms - 0","timestamp":"2025-04-24T12:07:23.181Z"}
{"level":"info","message":"GET /v1/dashboard/vendor/vendor-user-profile 500 971.643 ms - 85","timestamp":"2025-04-24T12:07:24.139Z"}
{"level":"info","message":"GET /v1/dashboard/vendor/profile 201 3354.673 ms - 538","timestamp":"2025-04-24T12:07:26.542Z"}
{"level":"info","message":"OPTIONS /v1/dashboard/vendor/profile 204 0.893 ms - 0","timestamp":"2025-04-24T12:07:57.231Z"}
{"level":"info","message":"OPTIONS /v1/dashboard/vendor/vendor-user-profile 204 0.389 ms - 0","timestamp":"2025-04-24T12:07:57.245Z"}
{"level":"info","message":"GET /v1/dashboard/vendor/vendor-user-profile 500 514.560 ms - 85","timestamp":"2025-04-24T12:07:57.764Z"}
{"level":"info","message":"GET /v1/dashboard/vendor/profile 201 989.038 ms - 538","timestamp":"2025-04-24T12:07:58.230Z"}
{"level":"info","message":"OPTIONS /v1/dashboard/vendor/vendor-user-profile 204 0.563 ms - 0","timestamp":"2025-04-24T12:07:59.987Z"}
{"level":"info","message":"GET /v1/dashboard/vendor/vendor-user-profile 500 494.777 ms - 85","timestamp":"2025-04-24T12:08:00.484Z"}
{"level":"info","message":"OPTIONS /v1/dashboard/vendor/profile 204 0.299 ms - 0","timestamp":"2025-04-24T12:08:06.022Z"}
{"level":"info","message":"OPTIONS /v1/dashboard/vendor/vendor-user-profile 204 0.204 ms - 0","timestamp":"2025-04-24T12:08:06.075Z"}
{"level":"info","message":"GET /v1/dashboard/vendor/vendor-user-profile 500 263.399 ms - 85","timestamp":"2025-04-24T12:08:06.340Z"}
{"level":"info","message":"GET /v1/dashboard/vendor/profile 201 739.614 ms - 538","timestamp":"2025-04-24T12:08:06.775Z"}
{"level":"info","message":"GET /v1/dashboard/vendor/vendor-user-profile 500 252.329 ms - 85","timestamp":"2025-04-24T12:08:07.682Z"}
{"level":"info","message":"GET /v1/dashboard/vendor/vendor-user-profile 500 252.833 ms - 85","timestamp":"2025-04-24T12:08:09.992Z"}
{"level":"info","message":"OPTIONS /v1/dashboard/vendor/vendor-user-profile 204 0.291 ms - 0","timestamp":"2025-04-24T12:08:14.093Z"}
{"level":"info","message":"GET /v1/dashboard/vendor/vendor-user-profile 500 500.610 ms - 85","timestamp":"2025-04-24T12:08:14.598Z"}
{"level":"info","message":"OPTIONS /v1/dashboard/vendor/profile 204 0.307 ms - 0","timestamp":"2025-04-24T12:08:17.938Z"}
{"level":"info","message":"GET /v1/dashboard/vendor/profile 201 744.575 ms - 538","timestamp":"2025-04-24T12:08:18.688Z"}
{"level":"info","message":"POST /v1/dashboard/vendor/auth/login 200 778.824 ms - 647","timestamp":"2025-04-24T12:08:33.107Z"}
{"level":"info","message":"OPTIONS /v1/dashboard/vendor/profile 204 0.944 ms - 0","timestamp":"2025-04-24T12:08:38.921Z"}
{"level":"info","message":"OPTIONS /v1/dashboard/vendor/vendor-user-profile 204 0.180 ms - 0","timestamp":"2025-04-24T12:08:38.966Z"}
{"level":"info","message":"GET /v1/dashboard/vendor/profile 500 249.085 ms - 85","timestamp":"2025-04-24T12:08:39.178Z"}
{"level":"info","message":"GET /v1/dashboard/vendor/vendor-user-profile 201 510.120 ms - 347","timestamp":"2025-04-24T12:08:39.478Z"}
{"level":"info","message":"GET /v1/dashboard/vendor/profile 500 264.554 ms - 85","timestamp":"2025-04-24T12:08:40.513Z"}
{"level":"info","message":"GET /v1/dashboard/vendor/profile 500 269.207 ms - 85","timestamp":"2025-04-24T12:08:42.832Z"}
{"level":"info","message":"OPTIONS /v1/dashboard/vendor/profile 204 0.359 ms - 0","timestamp":"2025-04-24T12:08:46.925Z"}
{"level":"info","message":"GET /v1/dashboard/vendor/profile 500 259.054 ms - 85","timestamp":"2025-04-24T12:08:47.186Z"}
{"level":"info","message":"GET /v1/dashboard/vendor/profile 500 256.829 ms - 85","timestamp":"2025-04-24T12:08:49.682Z"}
{"level":"info","message":"GET /v1/dashboard/vendor/profile 500 257.137 ms - 85","timestamp":"2025-04-24T12:08:51.067Z"}
{"level":"info","message":"OPTIONS /v1/dashboard/vendor/profile 204 0.394 ms - 0","timestamp":"2025-04-24T12:08:53.146Z"}
{"level":"info","message":"GET /v1/dashboard/vendor/profile 500 263.672 ms - 85","timestamp":"2025-04-24T12:08:53.412Z"}
{"level":"info","message":"GET /v1/dashboard/vendor/profile 500 517.008 ms - 85","timestamp":"2025-04-24T12:08:57.999Z"}
{"level":"info","message":"OPTIONS /v1/dashboard/vendor/profile 204 0.282 ms - 0","timestamp":"2025-04-24T12:09:23.677Z"}
{"level":"info","message":"GET /v1/dashboard/vendor/profile 500 513.711 ms - 85","timestamp":"2025-04-24T12:09:24.193Z"}
{"level":"info","message":"OPTIONS /v1/dashboard/vendor/vendor-user-profile 204 0.369 ms - 0","timestamp":"2025-04-24T12:09:59.954Z"}
{"level":"info","message":"GET /v1/dashboard/vendor/vendor-user-profile 201 516.125 ms - 347","timestamp":"2025-04-24T12:10:00.473Z"}
{"level":"info","message":"OPTIONS /v1/dashboard/vendor/profile 204 0.353 ms - 0","timestamp":"2025-04-24T12:10:01.977Z"}
{"level":"info","message":"GET /v1/dashboard/vendor/vendor-user-profile 201 266.541 ms - 347","timestamp":"2025-04-24T12:10:02.174Z"}
{"level":"info","message":"GET /v1/dashboard/vendor/profile 500 491.941 ms - 85","timestamp":"2025-04-24T12:10:02.471Z"}
{"level":"info","message":"GET /v1/dashboard/vendor/profile 500 247.973 ms - 85","timestamp":"2025-04-24T12:10:04.791Z"}
{"level":"info","message":"OPTIONS /v1/dashboard/vendor/profile 204 0.431 ms - 0","timestamp":"2025-04-24T12:10:07.395Z"}
{"level":"info","message":"GET /v1/dashboard/vendor/profile 500 251.453 ms - 85","timestamp":"2025-04-24T12:10:07.653Z"}
{"level":"info","message":"OPTIONS /v1/dashboard/vendor/vendor-user-profile 204 0.269 ms - 0","timestamp":"2025-04-24T12:10:07.747Z"}
{"level":"info","message":"GET /v1/dashboard/vendor/vendor-user-profile 201 247.363 ms - 347","timestamp":"2025-04-24T12:10:07.998Z"}
{"level":"info","message":"GET /v1/dashboard/vendor/profile 500 571.838 ms - 85","timestamp":"2025-04-24T12:10:09.316Z"}
{"level":"info","message":"GET /v1/dashboard/vendor/profile 500 254.121 ms - 85","timestamp":"2025-04-24T12:10:11.649Z"}
{"level":"info","message":"OPTIONS /v1/dashboard/vendor/profile 204 0.294 ms - 0","timestamp":"2025-04-24T12:10:15.106Z"}
{"level":"info","message":"GET /v1/dashboard/vendor/profile 500 258.624 ms - 85","timestamp":"2025-04-24T12:10:15.384Z"}
{"level":"info","message":"OPTIONS /v1/dashboard/vendor/vendor-user-profile 204 0.344 ms - 0","timestamp":"2025-04-24T12:10:15.476Z"}
{"level":"info","message":"GET /v1/dashboard/vendor/vendor-user-profile 201 249.145 ms - 347","timestamp":"2025-04-24T12:10:15.734Z"}
{"level":"info","message":"GET /v1/dashboard/vendor/profile 500 248.609 ms - 85","timestamp":"2025-04-24T12:10:16.721Z"}
{"level":"info","message":"GET /v1/dashboard/vendor/profile 500 500.517 ms - 85","timestamp":"2025-04-24T12:10:19.281Z"}
{"level":"info","message":"OPTIONS /v1/dashboard/vendor/vendor-user-profile 204 0.309 ms - 0","timestamp":"2025-04-24T12:10:43.317Z"}
{"level":"info","message":"OPTIONS /v1/dashboard/vendor/profile 204 0.349 ms - 0","timestamp":"2025-04-24T12:10:43.383Z"}
{"level":"info","message":"GET /v1/dashboard/vendor/vendor-user-profile 201 496.297 ms - 347","timestamp":"2025-04-24T12:10:43.818Z"}
{"level":"info","message":"GET /v1/dashboard/vendor/profile 500 514.142 ms - 85","timestamp":"2025-04-24T12:10:43.900Z"}
{"level":"info","message":"OPTIONS /v1/dashboard/vendor/profile 204 0.491 ms - 0","timestamp":"2025-04-24T12:10:51.036Z"}
{"level":"info","message":"OPTIONS /v1/dashboard/vendor/vendor-user-profile 204 0.300 ms - 0","timestamp":"2025-04-24T12:10:51.099Z"}
{"level":"info","message":"GET /v1/dashboard/vendor/profile 500 264.131 ms - 85","timestamp":"2025-04-24T12:10:51.302Z"}
{"level":"info","message":"GET /v1/dashboard/vendor/vendor-user-profile 201 254.249 ms - 347","timestamp":"2025-04-24T12:10:51.355Z"}
{"level":"info","message":"GET /v1/dashboard/vendor/profile 500 257.654 ms - 85","timestamp":"2025-04-24T12:10:52.628Z"}
{"level":"info","message":"GET /v1/dashboard/vendor/vendor-user-profile 201 250.096 ms - 347","timestamp":"2025-04-24T12:10:53.899Z"}
{"level":"info","message":"GET /v1/dashboard/vendor/profile 500 258.903 ms - 85","timestamp":"2025-04-24T12:10:54.962Z"}
{"level":"info","message":"OPTIONS /v1/dashboard/vendor/vendor-user-profile 204 0.304 ms - 0","timestamp":"2025-04-24T12:11:01.528Z"}
{"level":"info","message":"GET /v1/dashboard/vendor/vendor-user-profile 201 1613.138 ms - 347","timestamp":"2025-04-24T12:11:03.143Z"}
{"level":"info","message":"OPTIONS /v1/dashboard/vendor/vendor-user-profile 204 24.684 ms - 0","timestamp":"2025-04-24T12:11:33.457Z"}
{"level":"info","message":"OPTIONS /v1/dashboard/vendor/profile 204 0.299 ms - 0","timestamp":"2025-04-24T12:11:33.467Z"}
{"level":"info","message":"GET /v1/dashboard/vendor/vendor-user-profile 201 2940.456 ms - 347","timestamp":"2025-04-24T12:11:36.419Z"}
{"level":"info","message":"GET /v1/dashboard/vendor/profile - - ms - -","timestamp":"2025-04-24T12:11:36.810Z"}
{"level":"info","message":"OPTIONS /v1/dashboard/vendor/profile 204 0.289 ms - 0","timestamp":"2025-04-24T12:11:38.821Z"}
{"level":"info","message":"OPTIONS /v1/dashboard/vendor/vendor-user-profile 204 0.176 ms - 0","timestamp":"2025-04-24T12:11:39.138Z"}
{"level":"info","message":"GET /v1/dashboard/vendor/profile 500 817.188 ms - 85","timestamp":"2025-04-24T12:11:39.643Z"}
{"level":"info","message":"GET /v1/dashboard/vendor/vendor-user-profile 201 3851.250 ms - 347","timestamp":"2025-04-24T12:11:42.991Z"}
{"level":"info","message":"GET /v1/dashboard/vendor/profile 500 2472.963 ms - 85","timestamp":"2025-04-24T12:11:43.493Z"}
{"level":"info","message":"OPTIONS /v1/dashboard/vendor/profile 204 0.322 ms - 0","timestamp":"2025-04-24T12:11:49.422Z"}
{"level":"info","message":"GET /v1/dashboard/vendor/profile 500 284.245 ms - 85","timestamp":"2025-04-24T12:11:49.712Z"}
{"level":"info","message":"GET /v1/dashboard/vendor/profile 500 251.674 ms - 85","timestamp":"2025-04-24T12:11:54.024Z"}
{"level":"info","message":"OPTIONS /v1/dashboard/vendor/profile 204 0.344 ms - 0","timestamp":"2025-04-24T12:12:26.093Z"}
{"level":"info","message":"OPTIONS /v1/dashboard/vendor/vendor-user-profile 204 0.206 ms - 0","timestamp":"2025-04-24T12:12:26.144Z"}
{"level":"info","message":"GET /v1/dashboard/vendor/profile 500 502.765 ms - 85","timestamp":"2025-04-24T12:12:26.603Z"}
{"level":"info","message":"GET /v1/dashboard/vendor/vendor-user-profile 201 2241.406 ms - 347","timestamp":"2025-04-24T12:12:28.392Z"}
{"level":"info","message":"GET /v1/dashboard/vendor/vendor-user-profile 201 247.666 ms - 347","timestamp":"2025-04-24T12:12:28.975Z"}
{"level":"info","message":"GET /v1/dashboard/vendor/profile 500 920.823 ms - 85","timestamp":"2025-04-24T12:12:29.701Z"}
{"level":"info","message":"OPTIONS /v1/dashboard/vendor/profile 204 0.301 ms - 0","timestamp":"2025-04-24T12:12:31.771Z"}
{"level":"info","message":"GET /v1/dashboard/vendor/profile 500 254.930 ms - 85","timestamp":"2025-04-24T12:12:32.028Z"}
{"level":"info","message":"POST /v1/dashboard/vendor/auth/login 200 1282.056 ms - 654","timestamp":"2025-04-24T12:12:56.501Z"}
{"level":"info","message":"OPTIONS /v1/dashboard/vendor/user 204 0.411 ms - 0","timestamp":"2025-04-24T12:12:58.809Z"}
{"level":"info","message":"GET /v1/dashboard/vendor/user 304 528.728 ms - -","timestamp":"2025-04-24T12:12:59.439Z"}
{"level":"info","message":"OPTIONS /v1/dashboard/vendor/profile 204 0.300 ms - 0","timestamp":"2025-04-24T12:13:00.551Z"}
{"level":"info","message":"OPTIONS /v1/dashboard/vendor/vendor-user-profile 204 0.237 ms - 0","timestamp":"2025-04-24T12:13:00.588Z"}
{"level":"info","message":"GET /v1/dashboard/vendor/vendor-user-profile 500 499.315 ms - 85","timestamp":"2025-04-24T12:13:01.089Z"}
{"level":"info","message":"GET /v1/dashboard/vendor/profile 201 1266.490 ms - 538","timestamp":"2025-04-24T12:13:01.820Z"}
{"level":"info","message":"GET /v1/dashboard/vendor/vendor-user-profile 429 5.452 ms - 54","timestamp":"2025-04-24T12:13:02.181Z"}
{"level":"info","message":"GET /v1/dashboard/vendor/vendor-user-profile 429 0.620 ms - 54","timestamp":"2025-04-24T12:13:04.234Z"}
{"level":"info","message":"GET /v1/dashboard/vendor/profile 429 0.348 ms - 54","timestamp":"2025-04-24T12:13:04.432Z"}
{"level":"info","message":"OPTIONS /v1/dashboard/vendor/profile 429 0.483 ms - 54","timestamp":"2025-04-24T12:13:05.626Z"}
{"level":"info","message":"OPTIONS /v1/dashboard/vendor/profile 429 0.308 ms - 54","timestamp":"2025-04-24T12:13:07.686Z"}
{"level":"info","message":"OPTIONS /v1/dashboard/vendor/profile 429 0.512 ms - 54","timestamp":"2025-04-24T12:13:11.763Z"}
{"level":"info","message":"OPTIONS /v1/dashboard/vendor/profile 204 4.553 ms - 0","timestamp":"2025-04-24T12:55:20.228Z"}
{"level":"info","message":"GET /v1/dashboard/vendor/profile 400 27.675 ms - 28","timestamp":"2025-04-24T12:55:20.331Z"}
{"level":"info","message":"OPTIONS /v1/dashboard/auth/refresh-token 204 0.300 ms - 0","timestamp":"2025-04-24T12:55:20.520Z"}
{"level":"info","message":"POST /v1/dashboard/auth/refresh-token 404 27.361 ms - 88","timestamp":"2025-04-24T12:55:20.553Z"}
{"level":"info","message":"GET /v1/dashboard/vendor/profile 401 1.203 ms - 47","timestamp":"2025-04-24T12:55:26.894Z"}
{"level":"info","message":"POST /v1/dashboard/vendor/auth/login 500 5119.906 ms - 85","timestamp":"2025-04-24T12:55:55.233Z"}
{"level":"info","message":"POST /v1/dashboard/vendor/auth/login 200 4530.785 ms - 654","timestamp":"2025-04-24T12:56:30.369Z"}
{"level":"info","message":"OPTIONS /v1/dashboard/vendor/vendor-user-profile 204 1.361 ms - 0","timestamp":"2025-04-24T12:56:39.740Z"}
{"level":"info","message":"OPTIONS /v1/dashboard/vendor/profile 204 0.439 ms - 0","timestamp":"2025-04-24T12:56:39.746Z"}
{"level":"info","message":"GET /v1/dashboard/vendor/vendor-user-profile 500 1959.236 ms - 85","timestamp":"2025-04-24T12:56:41.709Z"}
{"level":"info","message":"OPTIONS /v1/dashboard/vendor/vendor-user-profile 204 0.419 ms - 0","timestamp":"2025-04-24T12:56:42.942Z"}
{"level":"info","message":"GET /v1/dashboard/vendor/vendor-user-profile 500 290.599 ms - 85","timestamp":"2025-04-24T12:56:43.238Z"}
{"level":"info","message":"GET /v1/dashboard/vendor/profile 201 5421.492 ms - 538","timestamp":"2025-04-24T12:56:45.185Z"}
{"level":"info","message":"OPTIONS /v1/dashboard/vendor/vendor-user-profile 204 0.296 ms - 0","timestamp":"2025-04-24T12:56:45.494Z"}
{"level":"info","message":"GET /v1/dashboard/vendor/vendor-user-profile 500 590.243 ms - 85","timestamp":"2025-04-24T12:56:46.118Z"}
{"level":"info","message":"OPTIONS /v1/dashboard/vendor/vendor-user-profile 204 0.270 ms - 0","timestamp":"2025-04-24T12:56:50.344Z"}
{"level":"info","message":"GET /v1/dashboard/vendor/vendor-user-profile 500 264.478 ms - 85","timestamp":"2025-04-24T12:56:50.612Z"}
{"level":"info","message":"OPTIONS /v1/dashboard/vendor/profile 204 0.249 ms - 0","timestamp":"2025-04-24T12:57:05.843Z"}
{"level":"info","message":"OPTIONS /v1/dashboard/vendor/vendor-user-profile 204 0.190 ms - 0","timestamp":"2025-04-24T12:57:05.892Z"}
{"level":"info","message":"GET /v1/dashboard/vendor/vendor-user-profile 500 584.993 ms - 85","timestamp":"2025-04-24T12:57:06.481Z"}
{"level":"info","message":"OPTIONS /v1/dashboard/vendor/vendor-user-profile 204 2.583 ms - 0","timestamp":"2025-04-24T12:57:07.705Z"}
{"level":"info","message":"GET /v1/dashboard/vendor/profile 201 2281.686 ms - 538","timestamp":"2025-04-24T12:57:08.127Z"}
{"level":"info","message":"GET /v1/dashboard/vendor/vendor-user-profile 500 413.883 ms - 85","timestamp":"2025-04-24T12:57:08.131Z"}
{"level":"info","message":"OPTIONS /v1/dashboard/vendor/vendor-user-profile 204 0.323 ms - 0","timestamp":"2025-04-24T12:57:10.356Z"}
{"level":"info","message":"GET /v1/dashboard/vendor/vendor-user-profile 500 322.194 ms - 85","timestamp":"2025-04-24T12:57:10.681Z"}
{"level":"info","message":"OPTIONS /v1/dashboard/vendor/vendor-user-profile 204 0.314 ms - 0","timestamp":"2025-04-24T12:57:14.885Z"}
{"level":"info","message":"GET /v1/dashboard/vendor/vendor-user-profile 500 261.024 ms - 85","timestamp":"2025-04-24T12:57:15.159Z"}
{"level":"info","message":"OPTIONS /v1/dashboard/vendor/profile 204 0.415 ms - 0","timestamp":"2025-04-24T12:58:38.216Z"}
{"level":"info","message":"OPTIONS /v1/dashboard/vendor/vendor-user-profile 204 0.253 ms - 0","timestamp":"2025-04-24T12:58:38.219Z"}
{"level":"info","message":"GET /v1/dashboard/vendor/vendor-user-profile 500 1226.018 ms - 85","timestamp":"2025-04-24T12:58:39.502Z"}
{"level":"info","message":"GET /v1/dashboard/vendor/profile 201 2105.064 ms - 538","timestamp":"2025-04-24T12:58:40.377Z"}
{"level":"info","message":"OPTIONS /v1/dashboard/vendor/vendor-user-profile 204 0.257 ms - 0","timestamp":"2025-04-24T12:58:40.728Z"}
{"level":"info","message":"GET /v1/dashboard/vendor/vendor-user-profile 500 267.662 ms - 85","timestamp":"2025-04-24T12:58:40.999Z"}
{"level":"info","message":"OPTIONS /v1/dashboard/vendor/vendor-user-profile 204 0.251 ms - 0","timestamp":"2025-04-24T12:58:43.217Z"}
{"level":"info","message":"GET /v1/dashboard/vendor/vendor-user-profile 500 312.221 ms - 85","timestamp":"2025-04-24T12:58:43.540Z"}
{"level":"info","message":"OPTIONS /v1/dashboard/vendor/profile 204 0.261 ms - 0","timestamp":"2025-04-24T12:58:49.852Z"}
{"level":"info","message":"OPTIONS /v1/dashboard/vendor/vendor-user-profile 204 0.439 ms - 0","timestamp":"2025-04-24T12:58:49.924Z"}
{"level":"info","message":"GET /v1/dashboard/vendor/vendor-user-profile 500 303.816 ms - 85","timestamp":"2025-04-24T12:58:50.234Z"}
{"level":"info","message":"GET /v1/dashboard/vendor/profile 201 935.301 ms - 538","timestamp":"2025-04-24T12:58:50.864Z"}
{"level":"info","message":"OPTIONS /v1/dashboard/vendor/profile 204 0.312 ms - 0","timestamp":"2025-04-24T12:59:14.658Z"}
{"level":"info","message":"GET /v1/dashboard/vendor/profile 201 1991.031 ms - 538","timestamp":"2025-04-24T12:59:16.689Z"}
{"level":"info","message":"OPTIONS /v1/dashboard/vendor/profile 204 0.902 ms - 0","timestamp":"2025-04-24T12:59:27.882Z"}
{"level":"info","message":"GET /v1/dashboard/vendor/profile 201 2166.409 ms - 538","timestamp":"2025-04-24T12:59:30.144Z"}
{"level":"info","message":"POST /v1/dashboard/vendor/auth/login 200 1840.239 ms - 647","timestamp":"2025-04-24T13:00:23.638Z"}
{"level":"info","message":"OPTIONS /v1/dashboard/vendor/profile 204 1.039 ms - 0","timestamp":"2025-04-24T13:00:43.722Z"}
{"level":"info","message":"OPTIONS /v1/dashboard/vendor/vendor-user-profile 204 0.315 ms - 0","timestamp":"2025-04-24T13:00:43.725Z"}
{"level":"info","message":"GET /v1/dashboard/vendor/vendor-user-profile 201 517.257 ms - 347","timestamp":"2025-04-24T13:00:44.260Z"}
{"level":"info","message":"GET /v1/dashboard/vendor/profile 500 532.444 ms - 85","timestamp":"2025-04-24T13:00:44.262Z"}
{"level":"info","message":"OPTIONS /v1/dashboard/vendor/profile 204 0.375 ms - 0","timestamp":"2025-04-24T13:00:45.529Z"}
{"level":"info","message":"GET /v1/dashboard/vendor/profile 500 597.462 ms - 85","timestamp":"2025-04-24T13:00:46.130Z"}
{"level":"info","message":"OPTIONS /v1/dashboard/vendor/profile 204 0.236 ms - 0","timestamp":"2025-04-24T13:00:48.343Z"}
{"level":"info","message":"GET /v1/dashboard/vendor/profile 500 338.423 ms - 85","timestamp":"2025-04-24T13:00:48.684Z"}
{"level":"info","message":"OPTIONS /v1/dashboard/vendor/profile 204 0.337 ms - 0","timestamp":"2025-04-24T13:00:52.889Z"}
{"level":"info","message":"GET /v1/dashboard/vendor/profile 500 913.327 ms - 85","timestamp":"2025-04-24T13:00:53.807Z"}
{"level":"info","message":"OPTIONS /v1/dashboard/vendor/vendor-user-profile 204 3.978 ms - 0","timestamp":"2025-04-24T13:08:55.410Z"}
{"level":"info","message":"GET /v1/dashboard/vendor/vendor-user-profile - - ms - -","timestamp":"2025-04-24T13:08:57.232Z"}
{"level":"info","message":"OPTIONS /v1/dashboard/vendor/profile 204 0.467 ms - 0","timestamp":"2025-04-24T13:09:03.067Z"}
{"level":"info","message":"OPTIONS /v1/dashboard/vendor/vendor-user-profile 204 0.535 ms - 0","timestamp":"2025-04-24T13:09:03.071Z"}
{"level":"info","message":"GET /v1/dashboard/vendor/profile 500 609.552 ms - 85","timestamp":"2025-04-24T13:09:03.685Z"}
{"level":"info","message":"OPTIONS /v1/dashboard/vendor/profile 204 0.643 ms - 0","timestamp":"2025-04-24T13:09:04.908Z"}
{"level":"info","message":"GET /v1/dashboard/vendor/profile 500 306.872 ms - 85","timestamp":"2025-04-24T13:09:05.219Z"}
{"level":"info","message":"GET /v1/dashboard/vendor/vendor-user-profile 201 2854.968 ms - 347","timestamp":"2025-04-24T13:09:05.936Z"}
{"level":"info","message":"OPTIONS /v1/dashboard/vendor/profile 204 0.689 ms - 0","timestamp":"2025-04-24T13:09:07.440Z"}
{"level":"info","message":"GET /v1/dashboard/vendor/profile 500 849.432 ms - 85","timestamp":"2025-04-24T13:09:08.292Z"}
{"level":"info","message":"OPTIONS /v1/dashboard/vendor/profile 204 0.636 ms - 0","timestamp":"2025-04-24T13:09:12.499Z"}
{"level":"info","message":"GET /v1/dashboard/vendor/profile 500 298.542 ms - 85","timestamp":"2025-04-24T13:09:12.808Z"}
{"level":"info","message":"OPTIONS /v1/dashboard/vendor/vendor-user-profile 204 0.481 ms - 0","timestamp":"2025-04-24T13:10:28.307Z"}
{"level":"info","message":"OPTIONS /v1/dashboard/vendor/profile 204 0.300 ms - 0","timestamp":"2025-04-24T13:10:28.317Z"}
{"level":"info","message":"GET /v1/dashboard/vendor/vendor-user-profile 201 684.599 ms - 347","timestamp":"2025-04-24T13:10:28.996Z"}
{"level":"info","message":"GET /v1/dashboard/vendor/profile 500 684.561 ms - 85","timestamp":"2025-04-24T13:10:29.011Z"}
{"level":"info","message":"OPTIONS /v1/dashboard/vendor/vendor-user-profile 204 0.657 ms - 0","timestamp":"2025-04-24T13:10:48.600Z"}
{"level":"info","message":"OPTIONS /v1/dashboard/vendor/profile 204 1.077 ms - 0","timestamp":"2025-04-24T13:10:48.658Z"}
{"level":"info","message":"GET /v1/dashboard/vendor/vendor-user-profile 201 837.108 ms - 347","timestamp":"2025-04-24T13:10:49.467Z"}
{"level":"info","message":"GET /v1/dashboard/vendor/profile 500 1355.359 ms - 85","timestamp":"2025-04-24T13:10:50.021Z"}
{"level":"info","message":"OPTIONS /v1/dashboard/vendor/profile 204 0.305 ms - 0","timestamp":"2025-04-24T13:10:52.239Z"}
{"level":"info","message":"GET /v1/dashboard/vendor/profile 500 307.219 ms - 85","timestamp":"2025-04-24T13:10:52.549Z"}
{"level":"info","message":"OPTIONS /v1/dashboard/vendor/profile 204 0.394 ms - 0","timestamp":"2025-04-24T13:11:01.114Z"}
{"level":"info","message":"OPTIONS /v1/dashboard/vendor/vendor-user-profile 204 0.286 ms - 0","timestamp":"2025-04-24T13:11:01.165Z"}
{"level":"info","message":"GET /v1/dashboard/vendor/vendor-user-profile 201 390.737 ms - 347","timestamp":"2025-04-24T13:11:01.560Z"}
{"level":"info","message":"GET /v1/dashboard/vendor/profile 500 432.740 ms - 85","timestamp":"2025-04-24T13:11:01.562Z"}
{"level":"info","message":"OPTIONS /v1/dashboard/vendor/profile 204 0.355 ms - 0","timestamp":"2025-04-24T13:11:02.773Z"}
{"level":"info","message":"GET /v1/dashboard/vendor/profile 500 317.806 ms - 85","timestamp":"2025-04-24T13:11:03.095Z"}
{"level":"info","message":"OPTIONS /v1/dashboard/vendor/profile 204 0.515 ms - 0","timestamp":"2025-04-24T13:11:05.294Z"}
{"level":"info","message":"GET /v1/dashboard/vendor/profile 500 665.056 ms - 85","timestamp":"2025-04-24T13:11:05.963Z"}
{"level":"info","message":"OPTIONS /v1/dashboard/vendor/profile 204 0.386 ms - 0","timestamp":"2025-04-24T13:11:10.177Z"}
{"level":"info","message":"GET /v1/dashboard/vendor/profile 500 388.428 ms - 85","timestamp":"2025-04-24T13:11:10.569Z"}
{"level":"info","message":"OPTIONS /v1/dashboard/vendor/profile 204 0.573 ms - 0","timestamp":"2025-04-24T13:14:03.089Z"}
{"level":"info","message":"OPTIONS /v1/dashboard/vendor/vendor-user-profile 204 0.276 ms - 0","timestamp":"2025-04-24T13:14:03.122Z"}
{"level":"info","message":"GET /v1/dashboard/vendor/profile 500 1364.271 ms - 85","timestamp":"2025-04-24T13:14:04.458Z"}
{"level":"info","message":"GET /v1/dashboard/vendor/vendor-user-profile 201 4819.176 ms - 347","timestamp":"2025-04-24T13:14:07.945Z"}
{"level":"info","message":"OPTIONS /v1/dashboard/vendor/vendor-user-profile 204 0.327 ms - 0","timestamp":"2025-04-24T13:14:38.188Z"}
{"level":"info","message":"GET /v1/dashboard/vendor/vendor-user-profile 201 652.351 ms - 347","timestamp":"2025-04-24T13:14:38.849Z"}
{"level":"info","message":"OPTIONS /v1/dashboard/vendor/profile 204 0.384 ms - 0","timestamp":"2025-04-24T13:14:46.718Z"}
{"level":"info","message":"OPTIONS /v1/dashboard/vendor/vendor-user-profile 204 0.281 ms - 0","timestamp":"2025-04-24T13:14:46.768Z"}
{"level":"info","message":"GET /v1/dashboard/vendor/profile 500 557.690 ms - 85","timestamp":"2025-04-24T13:14:47.328Z"}
{"level":"info","message":"GET /v1/dashboard/vendor/vendor-user-profile 201 6250.602 ms - 347","timestamp":"2025-04-24T13:14:53.089Z"}
{"level":"info","message":"OPTIONS /v1/dashboard/vendor/vendor-user-profile 204 0.359 ms - 0","timestamp":"2025-04-24T13:15:16.914Z"}
{"level":"info","message":"GET /v1/dashboard/vendor/vendor-user-profile 201 1972.702 ms - 347","timestamp":"2025-04-24T13:15:18.893Z"}
{"level":"info","message":"OPTIONS /v1/dashboard/vendor/profile 204 0.360 ms - 0","timestamp":"2025-04-24T13:15:28.802Z"}
{"level":"info","message":"GET /v1/dashboard/vendor/profile 400 7.909 ms - 28","timestamp":"2025-04-24T13:15:28.840Z"}
{"level":"info","message":"OPTIONS /v1/dashboard/vendor/vendor-user-profile 204 0.682 ms - 0","timestamp":"2025-04-24T13:15:28.858Z"}
{"level":"info","message":"GET /v1/dashboard/vendor/vendor-user-profile 400 2.074 ms - 28","timestamp":"2025-04-24T13:15:28.867Z"}
{"level":"info","message":"OPTIONS /v1/dashboard/auth/refresh-token 204 4.732 ms - 0","timestamp":"2025-04-24T13:15:29.460Z"}
{"level":"info","message":"POST /v1/dashboard/auth/refresh-token 404 186.289 ms - 88","timestamp":"2025-04-24T13:15:29.650Z"}
{"level":"info","message":"OPTIONS /v1/dashboard/auth/refresh-token 204 0.465 ms - 0","timestamp":"2025-04-24T13:15:29.661Z"}
{"level":"info","message":"POST /v1/dashboard/auth/refresh-token 404 13.259 ms - 88","timestamp":"2025-04-24T13:15:29.686Z"}
{"level":"info","message":"POST /v1/dashboard/vendor/auth/login 200 920.030 ms - 647","timestamp":"2025-04-24T13:18:05.188Z"}
{"level":"info","message":"POST /v1/dashboard/vendor/auth/login 200 657.867 ms - 647","timestamp":"2025-04-24T13:18:39.083Z"}
{"level":"info","message":"OPTIONS /v1/dashboard/vendor/vendor-user-profile 204 0.866 ms - 0","timestamp":"2025-04-24T13:18:52.057Z"}
{"level":"info","message":"OPTIONS /v1/dashboard/vendor/profile 204 0.312 ms - 0","timestamp":"2025-04-24T13:18:52.064Z"}
{"level":"info","message":"GET /v1/dashboard/vendor/vendor-user-profile 201 296.948 ms - 347","timestamp":"2025-04-24T13:18:52.399Z"}
{"level":"info","message":"GET /v1/dashboard/vendor/profile 500 1921.405 ms - 85","timestamp":"2025-04-24T13:18:54.028Z"}
{"level":"info","message":"POST /v1/dashboard/vendor/auth/login 200 11274.157 ms - 654","timestamp":"2025-04-24T13:19:46.678Z"}
{"level":"info","message":"OPTIONS /v1/dashboard/vendor/profile 204 0.217 ms - 0","timestamp":"2025-04-24T13:20:09.540Z"}
{"level":"info","message":"GET /v1/dashboard/vendor/profile 201 2556.073 ms - 538","timestamp":"2025-04-24T13:20:12.100Z"}
{"level":"info","message":"OPTIONS /v1/dashboard/vendor/profile 204 0.354 ms - 0","timestamp":"2025-04-24T13:23:41.765Z"}
{"level":"info","message":"GET /v1/dashboard/vendor/profile 201 1275.632 ms - 538","timestamp":"2025-04-24T13:23:43.058Z"}
{"level":"info","message":"OPTIONS /v1/dashboard/vendor/profile 204 0.626 ms - 0","timestamp":"2025-04-24T13:26:56.563Z"}
{"level":"info","message":"GET /v1/dashboard/vendor/profile 201 4798.575 ms - 538","timestamp":"2025-04-24T13:27:01.367Z"}
{"level":"info","message":"OPTIONS /v1/dashboard/vendor/profile 204 0.293 ms - 0","timestamp":"2025-04-24T13:27:03.167Z"}
{"level":"info","message":"GET /v1/dashboard/vendor/profile 201 3192.664 ms - 538","timestamp":"2025-04-24T13:27:06.387Z"}
{"level":"info","message":"POST /v1/dashboard/vendor/auth/login 200 1801.275 ms - 647","timestamp":"2025-04-24T13:30:09.065Z"}
{"level":"info","message":"OPTIONS /v1/dashboard/vendor/vendor-user-profile 204 0.303 ms - 0","timestamp":"2025-04-24T13:30:20.487Z"}
{"level":"info","message":"GET /v1/dashboard/vendor/vendor-user-profile 201 854.390 ms - 347","timestamp":"2025-04-24T13:30:21.346Z"}
{"level":"info","message":"OPTIONS /v1/dashboard/vendor/vendor-user-profile 204 0.453 ms - 0","timestamp":"2025-04-24T13:48:29.343Z"}
{"level":"info","message":"GET /v1/dashboard/vendor/vendor-user-profile 400 6.867 ms - 28","timestamp":"2025-04-24T13:48:29.379Z"}
{"level":"info","message":"OPTIONS /v1/dashboard/auth/refresh-token 204 1.443 ms - 0","timestamp":"2025-04-24T13:48:30.530Z"}
{"level":"info","message":"POST /v1/dashboard/auth/refresh-token 404 18.147 ms - 88","timestamp":"2025-04-24T13:48:30.625Z"}
{"level":"info","message":"GET /v1/dashboard/vendor/vendor-user-profile 401 1.202 ms - 47","timestamp":"2025-04-24T13:48:41.337Z"}
{"level":"info","message":"POST /v1/dashboard/vendor/auth/login 200 3177.119 ms - 647","timestamp":"2025-04-24T14:40:55.820Z"}
{"level":"info","message":"POST /v1/dashboard/vendor/auth/login 200 535.792 ms - 647","timestamp":"2025-04-24T14:41:19.033Z"}
{"level":"info","message":"OPTIONS /v1/dashboard/vendor/vendor-user-profile 204 1.470 ms - 0","timestamp":"2025-04-24T14:41:26.770Z"}
{"level":"info","message":"GET /v1/dashboard/vendor/vendor-user-profile 201 546.834 ms - 347","timestamp":"2025-04-24T14:41:27.321Z"}
{"level":"info","message":"OPTIONS /v1/dashboard/vendor/auth/change-password 204 0.317 ms - 0","timestamp":"2025-04-24T14:41:55.169Z"}
{"level":"info","message":"POST /v1/dashboard/vendor/auth/change-password 404 861.131 ms - 44","timestamp":"2025-04-24T14:41:56.033Z"}
{"level":"info","message":"OPTIONS /v1/dashboard/vendor/auth/change-password 204 5.034 ms - 0","timestamp":"2025-04-24T14:45:42.596Z"}
{"level":"info","message":"POST /v1/dashboard/vendor/auth/change-password 200 3966.752 ms - 58","timestamp":"2025-04-24T14:45:46.576Z"}
{"level":"info","message":"OPTIONS /v1/dashboard/vendor/auth/change-password 204 1.253 ms - 0","timestamp":"2025-04-24T14:46:04.983Z"}
{"level":"info","message":"POST /v1/dashboard/vendor/auth/change-password 401 767.070 ms - 59","timestamp":"2025-04-24T14:46:05.756Z"}
{"level":"info","message":"OPTIONS /v1/dashboard/vendor/auth/change-password 204 0.345 ms - 0","timestamp":"2025-04-24T14:46:35.241Z"}
{"level":"info","message":"POST /v1/dashboard/vendor/auth/change-password 200 1037.946 ms - 58","timestamp":"2025-04-24T14:46:36.282Z"}
{"level":"info","message":"OPTIONS /v1/dashboard/vendor/vendor-user-profile 204 0.611 ms - 0","timestamp":"2025-04-24T14:47:46.170Z"}
{"level":"info","message":"GET /v1/dashboard/vendor/vendor-user-profile 201 513.331 ms - 347","timestamp":"2025-04-24T14:47:46.686Z"}
